2018-02-26T18:04:07+00:00 CRITICAL Uncaught Error: Call to undefined function wc_autoship_cart_has_autoship_items() in /home/lidorsoikher012/ogi/wp-content/plugins/woocommerce-autoship-paypal-payments/classes/wc-autoship-paypal-gateway.php:157
Stack trace:
#0 /home/lidorsoikher012/ogi/wp-content/plugins/woocommerce/includes/class-wc-checkout.php(804): WC_Autoship_Paypal_Gateway->process_payment(32990)
#1 /home/lidorsoikher012/ogi/wp-content/plugins/woocommerce/includes/class-wc-checkout.php(986): WC_Checkout->process_order_payment(32990, 'wc_autoship_pay...')
#2 /home/lidorsoikher012/ogi/wp-content/plugins/woocommerce/includes/class-wc-ajax.php(419): WC_Checkout->process_checkout()
#3 /home/lidorsoikher012/ogi/wp-includes/class-wp-hook.php(298): WC_AJAX::checkout('')
#4 /home/lidorsoikher012/ogi/wp-includes/class-wp-hook.php(323): WP_Hook->apply_filters('', Array)
#5 /home/lidorsoikher012/ogi/wp-includes/plugin.php(453): WP_Hook->do_action(Array)
#6 /home/lidorsoikher012/ogi/wp-content/plugins/woocommerce/includes/class-wc-ajax.php(78): do_act

2018-03-07T13:37:50+00:00 CRITICAL Uncaught Error: Call to undefined function wc_autoship_cart_has_autoship_items() in /home/lidorsoikher012/ogi/wp-content/plugins/woocommerce-autoship-paypal-payments/classes/wc-autoship-paypal-gateway.php:157
Stack trace:
#0 /home/lidorsoikher012/ogi/wp-content/plugins/woocommerce/includes/class-wc-checkout.php(804): WC_Autoship_Paypal_Gateway->process_payment(32996)
#1 /home/lidorsoikher012/ogi/wp-content/plugins/woocommerce/includes/class-wc-checkout.php(986): WC_Checkout->process_order_payment(32996, 'wc_autoship_pay...')
#2 /home/lidorsoikher012/ogi/wp-content/plugins/woocommerce/includes/class-wc-ajax.php(419): WC_Checkout->process_checkout()
#3 /home/lidorsoikher012/ogi/wp-includes/class-wp-hook.php(298): WC_AJAX::checkout('')
#4 /home/lidorsoikher012/ogi/wp-includes/class-wp-hook.php(323): WP_Hook->apply_filters('', Array)
#5 /home/lidorsoikher012/ogi/wp-includes/plugin.php(453): WP_Hook->do_action(Array)
#6 /home/lidorsoikher012/ogi/wp-content/plugins/woocommerce/includes/class-wc-ajax.php(78): do_act

2018-03-09T00:34:34+00:00 CRITICAL Uncaught Error: Call to undefined function wc_autoship_cart_has_autoship_items() in /home/lidorsoikher012/ogi/wp-content/plugins/woocommerce-autoship-paypal-payments/classes/wc-autoship-paypal-gateway.php:157
Stack trace:
#0 /home/lidorsoikher012/ogi/wp-content/plugins/woocommerce/includes/class-wc-checkout.php(804): WC_Autoship_Paypal_Gateway->process_payment(32999)
#1 /home/lidorsoikher012/ogi/wp-content/plugins/woocommerce/includes/class-wc-checkout.php(986): WC_Checkout->process_order_payment(32999, 'wc_autoship_pay...')
#2 /home/lidorsoikher012/ogi/wp-content/plugins/woocommerce/includes/class-wc-ajax.php(419): WC_Checkout->process_checkout()
#3 /home/lidorsoikher012/ogi/wp-includes/class-wp-hook.php(298): WC_AJAX::checkout('')
#4 /home/lidorsoikher012/ogi/wp-includes/class-wp-hook.php(323): WP_Hook->apply_filters('', Array)
#5 /home/lidorsoikher012/ogi/wp-includes/plugin.php(453): WP_Hook->do_action(Array)
#6 /home/lidorsoikher012/ogi/wp-content/plugins/woocommerce/includes/class-wc-ajax.php(78): do_act

2018-03-09T00:36:29+00:00 CRITICAL Uncaught Error: Call to undefined function wc_autoship_cart_has_autoship_items() in /home/lidorsoikher012/ogi/wp-content/plugins/woocommerce-autoship-paypal-payments/classes/wc-autoship-paypal-gateway.php:157
Stack trace:
#0 /home/lidorsoikher012/ogi/wp-content/plugins/woocommerce/includes/class-wc-checkout.php(804): WC_Autoship_Paypal_Gateway->process_payment(32999)
#1 /home/lidorsoikher012/ogi/wp-content/plugins/woocommerce/includes/class-wc-checkout.php(986): WC_Checkout->process_order_payment(32999, 'wc_autoship_pay...')
#2 /home/lidorsoikher012/ogi/wp-content/plugins/woocommerce/includes/class-wc-ajax.php(419): WC_Checkout->process_checkout()
#3 /home/lidorsoikher012/ogi/wp-includes/class-wp-hook.php(298): WC_AJAX::checkout('')
#4 /home/lidorsoikher012/ogi/wp-includes/class-wp-hook.php(323): WP_Hook->apply_filters('', Array)
#5 /home/lidorsoikher012/ogi/wp-includes/plugin.php(453): WP_Hook->do_action(Array)
#6 /home/lidorsoikher012/ogi/wp-content/plugins/woocommerce/includes/class-wc-ajax.php(78): do_act

2018-03-09T16:14:17+00:00 CRITICAL Uncaught Error: Call to undefined function wc_autoship_cart_has_autoship_items() in /home/lidorsoikher012/ogi/wp-content/plugins/woocommerce-autoship-paypal-payments/classes/wc-autoship-paypal-gateway.php:157
Stack trace:
#0 /home/lidorsoikher012/ogi/wp-content/plugins/woocommerce/includes/class-wc-checkout.php(804): WC_Autoship_Paypal_Gateway->process_payment(33001)
#1 /home/lidorsoikher012/ogi/wp-content/plugins/woocommerce/includes/class-wc-checkout.php(986): WC_Checkout->process_order_payment(33001, 'wc_autoship_pay...')
#2 /home/lidorsoikher012/ogi/wp-content/plugins/woocommerce/includes/class-wc-ajax.php(419): WC_Checkout->process_checkout()
#3 /home/lidorsoikher012/ogi/wp-includes/class-wp-hook.php(298): WC_AJAX::checkout('')
#4 /home/lidorsoikher012/ogi/wp-includes/class-wp-hook.php(323): WP_Hook->apply_filters('', Array)
#5 /home/lidorsoikher012/ogi/wp-includes/plugin.php(453): WP_Hook->do_action(Array)
#6 /home/lidorsoikher012/ogi/wp-content/plugins/woocommerce/includes/class-wc-ajax.php(78): do_act

2018-03-15T09:11:28+00:00 CRITICAL Uncaught Error: Call to undefined function wc_autoship_cart_has_autoship_items() in /home/lidorsoikher012/ogi/wp-content/plugins/woocommerce-autoship-paypal-payments/classes/wc-autoship-paypal-gateway.php:157
Stack trace:
#0 /home/lidorsoikher012/ogi/wp-content/plugins/woocommerce/includes/class-wc-checkout.php(804): WC_Autoship_Paypal_Gateway->process_payment(33052)
#1 /home/lidorsoikher012/ogi/wp-content/plugins/woocommerce/includes/class-wc-checkout.php(986): WC_Checkout->process_order_payment(33052, 'wc_autoship_pay...')
#2 /home/lidorsoikher012/ogi/wp-content/plugins/woocommerce/includes/class-wc-ajax.php(419): WC_Checkout->process_checkout()
#3 /home/lidorsoikher012/ogi/wp-includes/class-wp-hook.php(298): WC_AJAX::checkout('')
#4 /home/lidorsoikher012/ogi/wp-includes/class-wp-hook.php(323): WP_Hook->apply_filters('', Array)
#5 /home/lidorsoikher012/ogi/wp-includes/plugin.php(453): WP_Hook->do_action(Array)
#6 /home/lidorsoikher012/ogi/wp-content/plugins/woocommerce/includes/class-wc-ajax.php(78): do_act

2018-03-15T09:14:31+00:00 CRITICAL Uncaught Error: Call to undefined function wc_autoship_cart_has_autoship_items() in /home/lidorsoikher012/ogi/wp-content/plugins/woocommerce-autoship-paypal-payments/classes/wc-autoship-paypal-gateway.php:157
Stack trace:
#0 /home/lidorsoikher012/ogi/wp-content/plugins/woocommerce/includes/class-wc-checkout.php(804): WC_Autoship_Paypal_Gateway->process_payment(33052)
#1 /home/lidorsoikher012/ogi/wp-content/plugins/woocommerce/includes/class-wc-checkout.php(986): WC_Checkout->process_order_payment(33052, 'wc_autoship_pay...')
#2 /home/lidorsoikher012/ogi/wp-content/plugins/woocommerce/includes/class-wc-ajax.php(419): WC_Checkout->process_checkout()
#3 /home/lidorsoikher012/ogi/wp-includes/class-wp-hook.php(298): WC_AJAX::checkout('')
#4 /home/lidorsoikher012/ogi/wp-includes/class-wp-hook.php(323): WP_Hook->apply_filters('', Array)
#5 /home/lidorsoikher012/ogi/wp-includes/plugin.php(453): WP_Hook->do_action(Array)
#6 /home/lidorsoikher012/ogi/wp-content/plugins/woocommerce/includes/class-wc-ajax.php(78): do_act

2018-03-20T10:15:10+00:00 CRITICAL Uncaught Error: Call to undefined function wc_autoship_cart_has_autoship_items() in /home/lidorsoikher012/ogi/wp-content/plugins/woocommerce-autoship-paypal-payments/classes/wc-autoship-paypal-gateway.php:157
Stack trace:
#0 /home/lidorsoikher012/ogi/wp-content/plugins/woocommerce/includes/class-wc-checkout.php(804): WC_Autoship_Paypal_Gateway->process_payment(33058)
#1 /home/lidorsoikher012/ogi/wp-content/plugins/woocommerce/includes/class-wc-checkout.php(986): WC_Checkout->process_order_payment(33058, 'wc_autoship_pay...')
#2 /home/lidorsoikher012/ogi/wp-content/plugins/woocommerce/includes/class-wc-ajax.php(419): WC_Checkout->process_checkout()
#3 /home/lidorsoikher012/ogi/wp-includes/class-wp-hook.php(298): WC_AJAX::checkout('')
#4 /home/lidorsoikher012/ogi/wp-includes/class-wp-hook.php(323): WP_Hook->apply_filters('', Array)
#5 /home/lidorsoikher012/ogi/wp-includes/plugin.php(453): WP_Hook->do_action(Array)
#6 /home/lidorsoikher012/ogi/wp-content/plugins/woocommerce/includes/class-wc-ajax.php(78): do_act

2018-03-20T10:15:18+00:00 CRITICAL Uncaught Error: Call to undefined function wc_autoship_cart_has_autoship_items() in /home/lidorsoikher012/ogi/wp-content/plugins/woocommerce-autoship-paypal-payments/classes/wc-autoship-paypal-gateway.php:157
Stack trace:
#0 /home/lidorsoikher012/ogi/wp-content/plugins/woocommerce/includes/class-wc-checkout.php(804): WC_Autoship_Paypal_Gateway->process_payment(33058)
#1 /home/lidorsoikher012/ogi/wp-content/plugins/woocommerce/includes/class-wc-checkout.php(986): WC_Checkout->process_order_payment(33058, 'wc_autoship_pay...')
#2 /home/lidorsoikher012/ogi/wp-content/plugins/woocommerce/includes/class-wc-ajax.php(419): WC_Checkout->process_checkout()
#3 /home/lidorsoikher012/ogi/wp-includes/class-wp-hook.php(298): WC_AJAX::checkout('')
#4 /home/lidorsoikher012/ogi/wp-includes/class-wp-hook.php(323): WP_Hook->apply_filters('', Array)
#5 /home/lidorsoikher012/ogi/wp-includes/plugin.php(453): WP_Hook->do_action(Array)
#6 /home/lidorsoikher012/ogi/wp-content/plugins/woocommerce/includes/class-wc-ajax.php(78): do_act

2018-03-20T10:15:26+00:00 CRITICAL Uncaught Error: Call to undefined function wc_autoship_cart_has_autoship_items() in /home/lidorsoikher012/ogi/wp-content/plugins/woocommerce-autoship-paypal-payments/classes/wc-autoship-paypal-gateway.php:157
Stack trace:
#0 /home/lidorsoikher012/ogi/wp-content/plugins/woocommerce/includes/class-wc-checkout.php(804): WC_Autoship_Paypal_Gateway->process_payment(33058)
#1 /home/lidorsoikher012/ogi/wp-content/plugins/woocommerce/includes/class-wc-checkout.php(986): WC_Checkout->process_order_payment(33058, 'wc_autoship_pay...')
#2 /home/lidorsoikher012/ogi/wp-content/plugins/woocommerce/includes/class-wc-ajax.php(419): WC_Checkout->process_checkout()
#3 /home/lidorsoikher012/ogi/wp-includes/class-wp-hook.php(298): WC_AJAX::checkout('')
#4 /home/lidorsoikher012/ogi/wp-includes/class-wp-hook.php(323): WP_Hook->apply_filters('', Array)
#5 /home/lidorsoikher012/ogi/wp-includes/plugin.php(453): WP_Hook->do_action(Array)
#6 /home/lidorsoikher012/ogi/wp-content/plugins/woocommerce/includes/class-wc-ajax.php(78): do_act

2018-03-20T10:15:37+00:00 CRITICAL Uncaught Error: Call to undefined function wc_autoship_cart_has_autoship_items() in /home/lidorsoikher012/ogi/wp-content/plugins/woocommerce-autoship-paypal-payments/classes/wc-autoship-paypal-gateway.php:157
Stack trace:
#0 /home/lidorsoikher012/ogi/wp-content/plugins/woocommerce/includes/class-wc-checkout.php(804): WC_Autoship_Paypal_Gateway->process_payment(33058)
#1 /home/lidorsoikher012/ogi/wp-content/plugins/woocommerce/includes/class-wc-checkout.php(986): WC_Checkout->process_order_payment(33058, 'wc_autoship_pay...')
#2 /home/lidorsoikher012/ogi/wp-content/plugins/woocommerce/includes/class-wc-ajax.php(419): WC_Checkout->process_checkout()
#3 /home/lidorsoikher012/ogi/wp-includes/class-wp-hook.php(298): WC_AJAX::checkout('')
#4 /home/lidorsoikher012/ogi/wp-includes/class-wp-hook.php(323): WP_Hook->apply_filters('', Array)
#5 /home/lidorsoikher012/ogi/wp-includes/plugin.php(453): WP_Hook->do_action(Array)
#6 /home/lidorsoikher012/ogi/wp-content/plugins/woocommerce/includes/class-wc-ajax.php(78): do_act

2018-03-30T20:49:51+00:00 CRITICAL Uncaught Error: Call to undefined function wc_autoship_cart_has_autoship_items() in /home/lidorsoikher012/ogi/wp-content/plugins/woocommerce-autoship-paypal-payments/classes/wc-autoship-paypal-gateway.php:157
Stack trace:
#0 /home/lidorsoikher012/ogi/wp-content/plugins/woocommerce/includes/class-wc-checkout.php(804): WC_Autoship_Paypal_Gateway->process_payment(33077)
#1 /home/lidorsoikher012/ogi/wp-content/plugins/woocommerce/includes/class-wc-checkout.php(986): WC_Checkout->process_order_payment(33077, 'wc_autoship_pay...')
#2 /home/lidorsoikher012/ogi/wp-content/plugins/woocommerce/includes/class-wc-ajax.php(419): WC_Checkout->process_checkout()
#3 /home/lidorsoikher012/ogi/wp-includes/class-wp-hook.php(298): WC_AJAX::checkout('')
#4 /home/lidorsoikher012/ogi/wp-includes/class-wp-hook.php(323): WP_Hook->apply_filters('', Array)
#5 /home/lidorsoikher012/ogi/wp-includes/plugin.php(453): WP_Hook->do_action(Array)
#6 /home/lidorsoikher012/ogi/wp-content/plugins/woocommerce/includes/class-wc-ajax.php(78): do_act

2018-03-30T20:49:59+00:00 CRITICAL Uncaught Error: Call to undefined function wc_autoship_cart_has_autoship_items() in /home/lidorsoikher012/ogi/wp-content/plugins/woocommerce-autoship-paypal-payments/classes/wc-autoship-paypal-gateway.php:157
Stack trace:
#0 /home/lidorsoikher012/ogi/wp-content/plugins/woocommerce/includes/class-wc-checkout.php(804): WC_Autoship_Paypal_Gateway->process_payment(33077)
#1 /home/lidorsoikher012/ogi/wp-content/plugins/woocommerce/includes/class-wc-checkout.php(986): WC_Checkout->process_order_payment(33077, 'wc_autoship_pay...')
#2 /home/lidorsoikher012/ogi/wp-content/plugins/woocommerce/includes/class-wc-ajax.php(419): WC_Checkout->process_checkout()
#3 /home/lidorsoikher012/ogi/wp-includes/class-wp-hook.php(298): WC_AJAX::checkout('')
#4 /home/lidorsoikher012/ogi/wp-includes/class-wp-hook.php(323): WP_Hook->apply_filters('', Array)
#5 /home/lidorsoikher012/ogi/wp-includes/plugin.php(453): WP_Hook->do_action(Array)
#6 /home/lidorsoikher012/ogi/wp-content/plugins/woocommerce/includes/class-wc-ajax.php(78): do_act

2018-04-13T07:39:28+00:00 CRITICAL Uncaught Error: Call to undefined function wc_autoship_cart_has_autoship_items() in /home/lidorsoikher012/ogi/wp-content/plugins/woocommerce-autoship-paypal-payments/classes/wc-autoship-paypal-gateway.php:157
Stack trace:
#0 /home/lidorsoikher012/ogi/wp-content/plugins/woocommerce/includes/class-wc-checkout.php(804): WC_Autoship_Paypal_Gateway->process_payment(33100)
#1 /home/lidorsoikher012/ogi/wp-content/plugins/woocommerce/includes/class-wc-checkout.php(986): WC_Checkout->process_order_payment(33100, 'wc_autoship_pay...')
#2 /home/lidorsoikher012/ogi/wp-content/plugins/woocommerce/includes/class-wc-ajax.php(419): WC_Checkout->process_checkout()
#3 /home/lidorsoikher012/ogi/wp-includes/class-wp-hook.php(298): WC_AJAX::checkout('')
#4 /home/lidorsoikher012/ogi/wp-includes/class-wp-hook.php(323): WP_Hook->apply_filters('', Array)
#5 /home/lidorsoikher012/ogi/wp-includes/plugin.php(453): WP_Hook->do_action(Array)
#6 /home/lidorsoikher012/ogi/wp-content/plugins/woocommerce/includes/class-wc-ajax.php(78): do_act

2018-04-13T07:39:49+00:00 CRITICAL Uncaught Error: Call to undefined function wc_autoship_cart_has_autoship_items() in /home/lidorsoikher012/ogi/wp-content/plugins/woocommerce-autoship-paypal-payments/classes/wc-autoship-paypal-gateway.php:157
Stack trace:
#0 /home/lidorsoikher012/ogi/wp-content/plugins/woocommerce/includes/class-wc-checkout.php(804): WC_Autoship_Paypal_Gateway->process_payment(33100)
#1 /home/lidorsoikher012/ogi/wp-content/plugins/woocommerce/includes/class-wc-checkout.php(986): WC_Checkout->process_order_payment(33100, 'wc_autoship_pay...')
#2 /home/lidorsoikher012/ogi/wp-content/plugins/woocommerce/includes/class-wc-ajax.php(419): WC_Checkout->process_checkout()
#3 /home/lidorsoikher012/ogi/wp-includes/class-wp-hook.php(298): WC_AJAX::checkout('')
#4 /home/lidorsoikher012/ogi/wp-includes/class-wp-hook.php(323): WP_Hook->apply_filters('', Array)
#5 /home/lidorsoikher012/ogi/wp-includes/plugin.php(453): WP_Hook->do_action(Array)
#6 /home/lidorsoikher012/ogi/wp-content/plugins/woocommerce/includes/class-wc-ajax.php(78): do_act

2018-04-13T07:40:01+00:00 CRITICAL Uncaught Error: Call to undefined function wc_autoship_cart_has_autoship_items() in /home/lidorsoikher012/ogi/wp-content/plugins/woocommerce-autoship-paypal-payments/classes/wc-autoship-paypal-gateway.php:157
Stack trace:
#0 /home/lidorsoikher012/ogi/wp-content/plugins/woocommerce/includes/class-wc-checkout.php(804): WC_Autoship_Paypal_Gateway->process_payment(33100)
#1 /home/lidorsoikher012/ogi/wp-content/plugins/woocommerce/includes/class-wc-checkout.php(986): WC_Checkout->process_order_payment(33100, 'wc_autoship_pay...')
#2 /home/lidorsoikher012/ogi/wp-content/plugins/woocommerce/includes/class-wc-ajax.php(419): WC_Checkout->process_checkout()
#3 /home/lidorsoikher012/ogi/wp-includes/class-wp-hook.php(298): WC_AJAX::checkout('')
#4 /home/lidorsoikher012/ogi/wp-includes/class-wp-hook.php(323): WP_Hook->apply_filters('', Array)
#5 /home/lidorsoikher012/ogi/wp-includes/plugin.php(453): WP_Hook->do_action(Array)
#6 /home/lidorsoikher012/ogi/wp-content/plugins/woocommerce/includes/class-wc-ajax.php(78): do_act

2018-04-28T04:44:14+00:00 CRITICAL Uncaught Error: Call to undefined function wc_autoship_cart_has_autoship_items() in /home/lidorsoikher012/ogi/wp-content/plugins/woocommerce-autoship-paypal-payments/classes/wc-autoship-paypal-gateway.php:157
Stack trace:
#0 /home/lidorsoikher012/ogi/wp-content/plugins/woocommerce/includes/class-wc-checkout.php(804): WC_Autoship_Paypal_Gateway->process_payment(33124)
#1 /home/lidorsoikher012/ogi/wp-content/plugins/woocommerce/includes/class-wc-checkout.php(986): WC_Checkout->process_order_payment(33124, 'wc_autoship_pay...')
#2 /home/lidorsoikher012/ogi/wp-content/plugins/woocommerce/includes/class-wc-ajax.php(419): WC_Checkout->process_checkout()
#3 /home/lidorsoikher012/ogi/wp-includes/class-wp-hook.php(298): WC_AJAX::checkout('')
#4 /home/lidorsoikher012/ogi/wp-includes/class-wp-hook.php(323): WP_Hook->apply_filters('', Array)
#5 /home/lidorsoikher012/ogi/wp-includes/plugin.php(453): WP_Hook->do_action(Array)
#6 /home/lidorsoikher012/ogi/wp-content/plugins/woocommerce/includes/class-wc-ajax.php(78): do_act

2018-04-28T04:46:42+00:00 CRITICAL Uncaught Error: Call to undefined function wc_autoship_cart_has_autoship_items() in /home/lidorsoikher012/ogi/wp-content/plugins/woocommerce-autoship-paypal-payments/classes/wc-autoship-paypal-gateway.php:157
Stack trace:
#0 /home/lidorsoikher012/ogi/wp-content/plugins/woocommerce/includes/class-wc-checkout.php(804): WC_Autoship_Paypal_Gateway->process_payment(33124)
#1 /home/lidorsoikher012/ogi/wp-content/plugins/woocommerce/includes/class-wc-checkout.php(986): WC_Checkout->process_order_payment(33124, 'wc_autoship_pay...')
#2 /home/lidorsoikher012/ogi/wp-content/plugins/woocommerce/includes/class-wc-ajax.php(419): WC_Checkout->process_checkout()
#3 /home/lidorsoikher012/ogi/wp-includes/class-wp-hook.php(298): WC_AJAX::checkout('')
#4 /home/lidorsoikher012/ogi/wp-includes/class-wp-hook.php(323): WP_Hook->apply_filters('', Array)
#5 /home/lidorsoikher012/ogi/wp-includes/plugin.php(453): WP_Hook->do_action(Array)
#6 /home/lidorsoikher012/ogi/wp-content/plugins/woocommerce/includes/class-wc-ajax.php(78): do_act

2018-04-28T04:46:57+00:00 CRITICAL Uncaught Error: Call to undefined function wc_autoship_cart_has_autoship_items() in /home/lidorsoikher012/ogi/wp-content/plugins/woocommerce-autoship-paypal-payments/classes/wc-autoship-paypal-gateway.php:157
Stack trace:
#0 /home/lidorsoikher012/ogi/wp-content/plugins/woocommerce/includes/class-wc-checkout.php(804): WC_Autoship_Paypal_Gateway->process_payment(33124)
#1 /home/lidorsoikher012/ogi/wp-content/plugins/woocommerce/includes/class-wc-checkout.php(986): WC_Checkout->process_order_payment(33124, 'wc_autoship_pay...')
#2 /home/lidorsoikher012/ogi/wp-content/plugins/woocommerce/includes/class-wc-ajax.php(419): WC_Checkout->process_checkout()
#3 /home/lidorsoikher012/ogi/wp-includes/class-wp-hook.php(298): WC_AJAX::checkout('')
#4 /home/lidorsoikher012/ogi/wp-includes/class-wp-hook.php(323): WP_Hook->apply_filters('', Array)
#5 /home/lidorsoikher012/ogi/wp-includes/plugin.php(453): WP_Hook->do_action(Array)
#6 /home/lidorsoikher012/ogi/wp-content/plugins/woocommerce/includes/class-wc-ajax.php(78): do_act

2018-04-28T04:47:17+00:00 CRITICAL Uncaught Error: Call to undefined function wc_autoship_cart_has_autoship_items() in /home/lidorsoikher012/ogi/wp-content/plugins/woocommerce-autoship-paypal-payments/classes/wc-autoship-paypal-gateway.php:157
Stack trace:
#0 /home/lidorsoikher012/ogi/wp-content/plugins/woocommerce/includes/class-wc-checkout.php(804): WC_Autoship_Paypal_Gateway->process_payment(33124)
#1 /home/lidorsoikher012/ogi/wp-content/plugins/woocommerce/includes/class-wc-checkout.php(986): WC_Checkout->process_order_payment(33124, 'wc_autoship_pay...')
#2 /home/lidorsoikher012/ogi/wp-content/plugins/woocommerce/includes/class-wc-ajax.php(419): WC_Checkout->process_checkout()
#3 /home/lidorsoikher012/ogi/wp-includes/class-wp-hook.php(298): WC_AJAX::checkout('')
#4 /home/lidorsoikher012/ogi/wp-includes/class-wp-hook.php(323): WP_Hook->apply_filters('', Array)
#5 /home/lidorsoikher012/ogi/wp-includes/plugin.php(453): WP_Hook->do_action(Array)
#6 /home/lidorsoikher012/ogi/wp-content/plugins/woocommerce/includes/class-wc-ajax.php(78): do_act

2018-04-28T04:47:22+00:00 CRITICAL Uncaught Error: Call to undefined function wc_autoship_cart_has_autoship_items() in /home/lidorsoikher012/ogi/wp-content/plugins/woocommerce-autoship-paypal-payments/classes/wc-autoship-paypal-gateway.php:157
Stack trace:
#0 /home/lidorsoikher012/ogi/wp-content/plugins/woocommerce/includes/class-wc-checkout.php(804): WC_Autoship_Paypal_Gateway->process_payment(33124)
#1 /home/lidorsoikher012/ogi/wp-content/plugins/woocommerce/includes/class-wc-checkout.php(986): WC_Checkout->process_order_payment(33124, 'wc_autoship_pay...')
#2 /home/lidorsoikher012/ogi/wp-content/plugins/woocommerce/includes/class-wc-ajax.php(419): WC_Checkout->process_checkout()
#3 /home/lidorsoikher012/ogi/wp-includes/class-wp-hook.php(298): WC_AJAX::checkout('')
#4 /home/lidorsoikher012/ogi/wp-includes/class-wp-hook.php(323): WP_Hook->apply_filters('', Array)
#5 /home/lidorsoikher012/ogi/wp-includes/plugin.php(453): WP_Hook->do_action(Array)
#6 /home/lidorsoikher012/ogi/wp-content/plugins/woocommerce/includes/class-wc-ajax.php(78): do_act

2018-04-28T04:47:56+00:00 CRITICAL Uncaught Error: Call to undefined function wc_autoship_cart_has_autoship_items() in /home/lidorsoikher012/ogi/wp-content/plugins/woocommerce-autoship-paypal-payments/classes/wc-autoship-paypal-gateway.php:157
Stack trace:
#0 /home/lidorsoikher012/ogi/wp-content/plugins/woocommerce/includes/class-wc-checkout.php(804): WC_Autoship_Paypal_Gateway->process_payment(33124)
#1 /home/lidorsoikher012/ogi/wp-content/plugins/woocommerce/includes/class-wc-checkout.php(986): WC_Checkout->process_order_payment(33124, 'wc_autoship_pay...')
#2 /home/lidorsoikher012/ogi/wp-content/plugins/woocommerce/includes/class-wc-ajax.php(419): WC_Checkout->process_checkout()
#3 /home/lidorsoikher012/ogi/wp-includes/class-wp-hook.php(298): WC_AJAX::checkout('')
#4 /home/lidorsoikher012/ogi/wp-includes/class-wp-hook.php(323): WP_Hook->apply_filters('', Array)
#5 /home/lidorsoikher012/ogi/wp-includes/plugin.php(453): WP_Hook->do_action(Array)
#6 /home/lidorsoikher012/ogi/wp-content/plugins/woocommerce/includes/class-wc-ajax.php(78): do_act

2018-04-28T04:48:29+00:00 CRITICAL Uncaught Error: Call to undefined function wc_autoship_cart_has_autoship_items() in /home/lidorsoikher012/ogi/wp-content/plugins/woocommerce-autoship-paypal-payments/classes/wc-autoship-paypal-gateway.php:157
Stack trace:
#0 /home/lidorsoikher012/ogi/wp-content/plugins/woocommerce/includes/class-wc-checkout.php(804): WC_Autoship_Paypal_Gateway->process_payment(33124)
#1 /home/lidorsoikher012/ogi/wp-content/plugins/woocommerce/includes/class-wc-checkout.php(986): WC_Checkout->process_order_payment(33124, 'wc_autoship_pay...')
#2 /home/lidorsoikher012/ogi/wp-content/plugins/woocommerce/includes/class-wc-ajax.php(419): WC_Checkout->process_checkout()
#3 /home/lidorsoikher012/ogi/wp-includes/class-wp-hook.php(298): WC_AJAX::checkout('')
#4 /home/lidorsoikher012/ogi/wp-includes/class-wp-hook.php(323): WP_Hook->apply_filters('', Array)
#5 /home/lidorsoikher012/ogi/wp-includes/plugin.php(453): WP_Hook->do_action(Array)
#6 /home/lidorsoikher012/ogi/wp-content/plugins/woocommerce/includes/class-wc-ajax.php(78): do_act

2018-04-28T04:57:13+00:00 CRITICAL Uncaught Error: Call to undefined function wc_autoship_cart_has_autoship_items() in /home/lidorsoikher012/ogi/wp-content/plugins/woocommerce-autoship-paypal-payments/classes/wc-autoship-paypal-gateway.php:157
Stack trace:
#0 /home/lidorsoikher012/ogi/wp-content/plugins/woocommerce/includes/class-wc-checkout.php(804): WC_Autoship_Paypal_Gateway->process_payment(33124)
#1 /home/lidorsoikher012/ogi/wp-content/plugins/woocommerce/includes/class-wc-checkout.php(986): WC_Checkout->process_order_payment(33124, 'wc_autoship_pay...')
#2 /home/lidorsoikher012/ogi/wp-content/plugins/woocommerce/includes/class-wc-ajax.php(419): WC_Checkout->process_checkout()
#3 /home/lidorsoikher012/ogi/wp-includes/class-wp-hook.php(298): WC_AJAX::checkout('')
#4 /home/lidorsoikher012/ogi/wp-includes/class-wp-hook.php(323): WP_Hook->apply_filters('', Array)
#5 /home/lidorsoikher012/ogi/wp-includes/plugin.php(453): WP_Hook->do_action(Array)
#6 /home/lidorsoikher012/ogi/wp-content/plugins/woocommerce/includes/class-wc-ajax.php(78): do_act

2018-04-28T20:29:10+00:00 CRITICAL Uncaught Error: Call to undefined function wc_autoship_cart_has_autoship_items() in /home/lidorsoikher012/ogi/wp-content/plugins/woocommerce-autoship-paypal-payments/classes/wc-autoship-paypal-gateway.php:157
Stack trace:
#0 /home/lidorsoikher012/ogi/wp-content/plugins/woocommerce/includes/class-wc-checkout.php(804): WC_Autoship_Paypal_Gateway->process_payment(33127)
#1 /home/lidorsoikher012/ogi/wp-content/plugins/woocommerce/includes/class-wc-checkout.php(986): WC_Checkout->process_order_payment(33127, 'wc_autoship_pay...')
#2 /home/lidorsoikher012/ogi/wp-content/plugins/woocommerce/includes/class-wc-ajax.php(419): WC_Checkout->process_checkout()
#3 /home/lidorsoikher012/ogi/wp-includes/class-wp-hook.php(298): WC_AJAX::checkout('')
#4 /home/lidorsoikher012/ogi/wp-includes/class-wp-hook.php(323): WP_Hook->apply_filters('', Array)
#5 /home/lidorsoikher012/ogi/wp-includes/plugin.php(453): WP_Hook->do_action(Array)
#6 /home/lidorsoikher012/ogi/wp-content/plugins/woocommerce/includes/class-wc-ajax.php(78): do_act

2018-04-28T20:42:20+00:00 CRITICAL Uncaught Error: Call to undefined function wc_autoship_cart_has_autoship_items() in /home/lidorsoikher012/ogi/wp-content/plugins/woocommerce-autoship-paypal-payments/classes/wc-autoship-paypal-gateway.php:157
Stack trace:
#0 /home/lidorsoikher012/ogi/wp-content/plugins/woocommerce/includes/class-wc-checkout.php(804): WC_Autoship_Paypal_Gateway->process_payment(33127)
#1 /home/lidorsoikher012/ogi/wp-content/plugins/woocommerce/includes/class-wc-checkout.php(986): WC_Checkout->process_order_payment(33127, 'wc_autoship_pay...')
#2 /home/lidorsoikher012/ogi/wp-content/plugins/woocommerce/includes/class-wc-ajax.php(419): WC_Checkout->process_checkout()
#3 /home/lidorsoikher012/ogi/wp-includes/class-wp-hook.php(298): WC_AJAX::checkout('')
#4 /home/lidorsoikher012/ogi/wp-includes/class-wp-hook.php(323): WP_Hook->apply_filters('', Array)
#5 /home/lidorsoikher012/ogi/wp-includes/plugin.php(453): WP_Hook->do_action(Array)
#6 /home/lidorsoikher012/ogi/wp-content/plugins/woocommerce/includes/class-wc-ajax.php(78): do_act

2018-04-29T16:36:54+00:00 CRITICAL Uncaught Error: Call to undefined function wc_autoship_cart_has_autoship_items() in /home/lidorsoikher012/ogi/wp-content/plugins/woocommerce-autoship-paypal-payments/classes/wc-autoship-paypal-gateway.php:157
Stack trace:
#0 /home/lidorsoikher012/ogi/wp-content/plugins/woocommerce/includes/class-wc-checkout.php(804): WC_Autoship_Paypal_Gateway->process_payment(33128)
#1 /home/lidorsoikher012/ogi/wp-content/plugins/woocommerce/includes/class-wc-checkout.php(986): WC_Checkout->process_order_payment(33128, 'wc_autoship_pay...')
#2 /home/lidorsoikher012/ogi/wp-content/plugins/woocommerce/includes/class-wc-ajax.php(419): WC_Checkout->process_checkout()
#3 /home/lidorsoikher012/ogi/wp-includes/class-wp-hook.php(298): WC_AJAX::checkout('')
#4 /home/lidorsoikher012/ogi/wp-includes/class-wp-hook.php(323): WP_Hook->apply_filters('', Array)
#5 /home/lidorsoikher012/ogi/wp-includes/plugin.php(453): WP_Hook->do_action(Array)
#6 /home/lidorsoikher012/ogi/wp-content/plugins/woocommerce/includes/class-wc-ajax.php(78): do_act

2018-04-30T08:31:22+00:00 CRITICAL Uncaught Error: Call to undefined function wc_autoship_cart_has_autoship_items() in /home/lidorsoikher012/ogi/wp-content/plugins/woocommerce-autoship-paypal-payments/classes/wc-autoship-paypal-gateway.php:157
Stack trace:
#0 /home/lidorsoikher012/ogi/wp-content/plugins/woocommerce/includes/class-wc-checkout.php(804): WC_Autoship_Paypal_Gateway->process_payment(33131)
#1 /home/lidorsoikher012/ogi/wp-content/plugins/woocommerce/includes/class-wc-checkout.php(986): WC_Checkout->process_order_payment(33131, 'wc_autoship_pay...')
#2 /home/lidorsoikher012/ogi/wp-content/plugins/woocommerce/includes/class-wc-ajax.php(419): WC_Checkout->process_checkout()
#3 /home/lidorsoikher012/ogi/wp-includes/class-wp-hook.php(298): WC_AJAX::checkout('')
#4 /home/lidorsoikher012/ogi/wp-includes/class-wp-hook.php(323): WP_Hook->apply_filters('', Array)
#5 /home/lidorsoikher012/ogi/wp-includes/plugin.php(453): WP_Hook->do_action(Array)
#6 /home/lidorsoikher012/ogi/wp-content/plugins/woocommerce/includes/class-wc-ajax.php(78): do_act

2018-04-30T08:32:38+00:00 CRITICAL Uncaught Error: Call to undefined function wc_autoship_cart_has_autoship_items() in /home/lidorsoikher012/ogi/wp-content/plugins/woocommerce-autoship-paypal-payments/classes/wc-autoship-paypal-gateway.php:157
Stack trace:
#0 /home/lidorsoikher012/ogi/wp-content/plugins/woocommerce/includes/class-wc-checkout.php(804): WC_Autoship_Paypal_Gateway->process_payment(33131)
#1 /home/lidorsoikher012/ogi/wp-content/plugins/woocommerce/includes/class-wc-checkout.php(986): WC_Checkout->process_order_payment(33131, 'wc_autoship_pay...')
#2 /home/lidorsoikher012/ogi/wp-content/plugins/woocommerce/includes/class-wc-ajax.php(419): WC_Checkout->process_checkout()
#3 /home/lidorsoikher012/ogi/wp-includes/class-wp-hook.php(298): WC_AJAX::checkout('')
#4 /home/lidorsoikher012/ogi/wp-includes/class-wp-hook.php(323): WP_Hook->apply_filters('', Array)
#5 /home/lidorsoikher012/ogi/wp-includes/plugin.php(453): WP_Hook->do_action(Array)
#6 /home/lidorsoikher012/ogi/wp-content/plugins/woocommerce/includes/class-wc-ajax.php(78): do_act

2018-04-30T08:33:18+00:00 CRITICAL Uncaught Error: Call to undefined function wc_autoship_cart_has_autoship_items() in /home/lidorsoikher012/ogi/wp-content/plugins/woocommerce-autoship-paypal-payments/classes/wc-autoship-paypal-gateway.php:157
Stack trace:
#0 /home/lidorsoikher012/ogi/wp-content/plugins/woocommerce/includes/class-wc-checkout.php(804): WC_Autoship_Paypal_Gateway->process_payment(33131)
#1 /home/lidorsoikher012/ogi/wp-content/plugins/woocommerce/includes/class-wc-checkout.php(986): WC_Checkout->process_order_payment(33131, 'wc_autoship_pay...')
#2 /home/lidorsoikher012/ogi/wp-content/plugins/woocommerce/includes/class-wc-ajax.php(419): WC_Checkout->process_checkout()
#3 /home/lidorsoikher012/ogi/wp-includes/class-wp-hook.php(298): WC_AJAX::checkout('')
#4 /home/lidorsoikher012/ogi/wp-includes/class-wp-hook.php(323): WP_Hook->apply_filters('', Array)
#5 /home/lidorsoikher012/ogi/wp-includes/plugin.php(453): WP_Hook->do_action(Array)
#6 /home/lidorsoikher012/ogi/wp-content/plugins/woocommerce/includes/class-wc-ajax.php(78): do_act

2018-05-08T18:31:09+00:00 CRITICAL Uncaught Error: Call to undefined function wc_autoship_cart_has_autoship_items() in /home/lidorsoikher012/ogi/wp-content/plugins/woocommerce-autoship-paypal-payments/classes/wc-autoship-paypal-gateway.php:157
Stack trace:
#0 /home/lidorsoikher012/ogi/wp-content/plugins/woocommerce/includes/class-wc-checkout.php(804): WC_Autoship_Paypal_Gateway->process_payment(33172)
#1 /home/lidorsoikher012/ogi/wp-content/plugins/woocommerce/includes/class-wc-checkout.php(986): WC_Checkout->process_order_payment(33172, 'wc_autoship_pay...')
#2 /home/lidorsoikher012/ogi/wp-content/plugins/woocommerce/includes/class-wc-ajax.php(419): WC_Checkout->process_checkout()
#3 /home/lidorsoikher012/ogi/wp-includes/class-wp-hook.php(298): WC_AJAX::checkout('')
#4 /home/lidorsoikher012/ogi/wp-includes/class-wp-hook.php(323): WP_Hook->apply_filters('', Array)
#5 /home/lidorsoikher012/ogi/wp-includes/plugin.php(453): WP_Hook->do_action(Array)
#6 /home/lidorsoikher012/ogi/wp-content/plugins/woocommerce/includes/class-wc-ajax.php(78): do_act

2018-05-08T18:31:19+00:00 CRITICAL Uncaught Error: Call to undefined function wc_autoship_cart_has_autoship_items() in /home/lidorsoikher012/ogi/wp-content/plugins/woocommerce-autoship-paypal-payments/classes/wc-autoship-paypal-gateway.php:157
Stack trace:
#0 /home/lidorsoikher012/ogi/wp-content/plugins/woocommerce/includes/class-wc-checkout.php(804): WC_Autoship_Paypal_Gateway->process_payment(33172)
#1 /home/lidorsoikher012/ogi/wp-content/plugins/woocommerce/includes/class-wc-checkout.php(986): WC_Checkout->process_order_payment(33172, 'wc_autoship_pay...')
#2 /home/lidorsoikher012/ogi/wp-content/plugins/woocommerce/includes/class-wc-ajax.php(419): WC_Checkout->process_checkout()
#3 /home/lidorsoikher012/ogi/wp-includes/class-wp-hook.php(298): WC_AJAX::checkout('')
#4 /home/lidorsoikher012/ogi/wp-includes/class-wp-hook.php(323): WP_Hook->apply_filters('', Array)
#5 /home/lidorsoikher012/ogi/wp-includes/plugin.php(453): WP_Hook->do_action(Array)
#6 /home/lidorsoikher012/ogi/wp-content/plugins/woocommerce/includes/class-wc-ajax.php(78): do_act

2018-05-18T10:52:38+00:00 CRITICAL Uncaught Error: Call to undefined function wc_autoship_cart_has_autoship_items() in /home/lidorsoikher012/ogi/wp-content/plugins/woocommerce-autoship-paypal-payments/classes/wc-autoship-paypal-gateway.php:157
Stack trace:
#0 /home/lidorsoikher012/ogi/wp-content/plugins/woocommerce/includes/class-wc-checkout.php(804): WC_Autoship_Paypal_Gateway->process_payment(33188)
#1 /home/lidorsoikher012/ogi/wp-content/plugins/woocommerce/includes/class-wc-checkout.php(986): WC_Checkout->process_order_payment(33188, 'wc_autoship_pay...')
#2 /home/lidorsoikher012/ogi/wp-content/plugins/woocommerce/includes/class-wc-ajax.php(419): WC_Checkout->process_checkout()
#3 /home/lidorsoikher012/ogi/wp-includes/class-wp-hook.php(298): WC_AJAX::checkout('')
#4 /home/lidorsoikher012/ogi/wp-includes/class-wp-hook.php(323): WP_Hook->apply_filters('', Array)
#5 /home/lidorsoikher012/ogi/wp-includes/plugin.php(453): WP_Hook->do_action(Array)
#6 /home/lidorsoikher012/ogi/wp-content/plugins/woocommerce/includes/class-wc-ajax.php(78): do_act

2018-05-18T10:55:00+00:00 CRITICAL Uncaught Error: Call to undefined function wc_autoship_cart_has_autoship_items() in /home/lidorsoikher012/ogi/wp-content/plugins/woocommerce-autoship-paypal-payments/classes/wc-autoship-paypal-gateway.php:157
Stack trace:
#0 /home/lidorsoikher012/ogi/wp-content/plugins/woocommerce/includes/class-wc-checkout.php(804): WC_Autoship_Paypal_Gateway->process_payment(33189)
#1 /home/lidorsoikher012/ogi/wp-content/plugins/woocommerce/includes/class-wc-checkout.php(986): WC_Checkout->process_order_payment(33189, 'wc_autoship_pay...')
#2 /home/lidorsoikher012/ogi/wp-content/plugins/woocommerce/includes/class-wc-ajax.php(419): WC_Checkout->process_checkout()
#3 /home/lidorsoikher012/ogi/wp-includes/class-wp-hook.php(298): WC_AJAX::checkout('')
#4 /home/lidorsoikher012/ogi/wp-includes/class-wp-hook.php(323): WP_Hook->apply_filters('', Array)
#5 /home/lidorsoikher012/ogi/wp-includes/plugin.php(453): WP_Hook->do_action(Array)
#6 /home/lidorsoikher012/ogi/wp-content/plugins/woocommerce/includes/class-wc-ajax.php(78): do_act

2018-05-18T10:55:19+00:00 CRITICAL Uncaught Error: Call to undefined function wc_autoship_cart_has_autoship_items() in /home/lidorsoikher012/ogi/wp-content/plugins/woocommerce-autoship-paypal-payments/classes/wc-autoship-paypal-gateway.php:157
Stack trace:
#0 /home/lidorsoikher012/ogi/wp-content/plugins/woocommerce/includes/class-wc-checkout.php(804): WC_Autoship_Paypal_Gateway->process_payment(33189)
#1 /home/lidorsoikher012/ogi/wp-content/plugins/woocommerce/includes/class-wc-checkout.php(986): WC_Checkout->process_order_payment(33189, 'wc_autoship_pay...')
#2 /home/lidorsoikher012/ogi/wp-content/plugins/woocommerce/includes/class-wc-ajax.php(419): WC_Checkout->process_checkout()
#3 /home/lidorsoikher012/ogi/wp-includes/class-wp-hook.php(298): WC_AJAX::checkout('')
#4 /home/lidorsoikher012/ogi/wp-includes/class-wp-hook.php(323): WP_Hook->apply_filters('', Array)
#5 /home/lidorsoikher012/ogi/wp-includes/plugin.php(453): WP_Hook->do_action(Array)
#6 /home/lidorsoikher012/ogi/wp-content/plugins/woocommerce/includes/class-wc-ajax.php(78): do_act

2018-05-26T15:12:11+00:00 CRITICAL Uncaught Error: Call to undefined function wc_autoship_cart_has_autoship_items() in /home/lidorsoikher012/ogi/wp-content/plugins/woocommerce-autoship-paypal-payments/classes/wc-autoship-paypal-gateway.php:157
Stack trace:
#0 /home/lidorsoikher012/ogi/wp-content/plugins/woocommerce/includes/class-wc-checkout.php(804): WC_Autoship_Paypal_Gateway->process_payment(33308)
#1 /home/lidorsoikher012/ogi/wp-content/plugins/woocommerce/includes/class-wc-checkout.php(986): WC_Checkout->process_order_payment(33308, 'wc_autoship_pay...')
#2 /home/lidorsoikher012/ogi/wp-content/plugins/woocommerce/includes/class-wc-ajax.php(419): WC_Checkout->process_checkout()
#3 /home/lidorsoikher012/ogi/wp-includes/class-wp-hook.php(298): WC_AJAX::checkout('')
#4 /home/lidorsoikher012/ogi/wp-includes/class-wp-hook.php(323): WP_Hook->apply_filters('', Array)
#5 /home/lidorsoikher012/ogi/wp-includes/plugin.php(453): WP_Hook->do_action(Array)
#6 /home/lidorsoikher012/ogi/wp-content/plugins/woocommerce/includes/class-wc-ajax.php(78): do_act

2018-05-28T13:06:32+00:00 CRITICAL Uncaught Error: Call to undefined function wc_autoship_cart_has_autoship_items() in /home/lidorsoikher012/ogi/wp-content/plugins/woocommerce-autoship-paypal-payments/classes/wc-autoship-paypal-gateway.php:157
Stack trace:
#0 /home/lidorsoikher012/ogi/wp-content/plugins/woocommerce/includes/class-wc-checkout.php(804): WC_Autoship_Paypal_Gateway->process_payment(33312)
#1 /home/lidorsoikher012/ogi/wp-content/plugins/woocommerce/includes/class-wc-checkout.php(986): WC_Checkout->process_order_payment(33312, 'wc_autoship_pay...')
#2 /home/lidorsoikher012/ogi/wp-content/plugins/woocommerce/includes/class-wc-ajax.php(419): WC_Checkout->process_checkout()
#3 /home/lidorsoikher012/ogi/wp-includes/class-wp-hook.php(298): WC_AJAX::checkout('')
#4 /home/lidorsoikher012/ogi/wp-includes/class-wp-hook.php(323): WP_Hook->apply_filters('', Array)
#5 /home/lidorsoikher012/ogi/wp-includes/plugin.php(453): WP_Hook->do_action(Array)
#6 /home/lidorsoikher012/ogi/wp-content/plugins/woocommerce/includes/class-wc-ajax.php(78): do_act

2018-05-28T13:06:42+00:00 CRITICAL Uncaught Error: Call to undefined function wc_autoship_cart_has_autoship_items() in /home/lidorsoikher012/ogi/wp-content/plugins/woocommerce-autoship-paypal-payments/classes/wc-autoship-paypal-gateway.php:157
Stack trace:
#0 /home/lidorsoikher012/ogi/wp-content/plugins/woocommerce/includes/class-wc-checkout.php(804): WC_Autoship_Paypal_Gateway->process_payment(33312)
#1 /home/lidorsoikher012/ogi/wp-content/plugins/woocommerce/includes/class-wc-checkout.php(986): WC_Checkout->process_order_payment(33312, 'wc_autoship_pay...')
#2 /home/lidorsoikher012/ogi/wp-content/plugins/woocommerce/includes/class-wc-ajax.php(419): WC_Checkout->process_checkout()
#3 /home/lidorsoikher012/ogi/wp-includes/class-wp-hook.php(298): WC_AJAX::checkout('')
#4 /home/lidorsoikher012/ogi/wp-includes/class-wp-hook.php(323): WP_Hook->apply_filters('', Array)
#5 /home/lidorsoikher012/ogi/wp-includes/plugin.php(453): WP_Hook->do_action(Array)
#6 /home/lidorsoikher012/ogi/wp-content/plugins/woocommerce/includes/class-wc-ajax.php(78): do_act

2018-05-28T13:06:54+00:00 CRITICAL Uncaught Error: Call to undefined function wc_autoship_cart_has_autoship_items() in /home/lidorsoikher012/ogi/wp-content/plugins/woocommerce-autoship-paypal-payments/classes/wc-autoship-paypal-gateway.php:157
Stack trace:
#0 /home/lidorsoikher012/ogi/wp-content/plugins/woocommerce/includes/class-wc-checkout.php(804): WC_Autoship_Paypal_Gateway->process_payment(33312)
#1 /home/lidorsoikher012/ogi/wp-content/plugins/woocommerce/includes/class-wc-checkout.php(986): WC_Checkout->process_order_payment(33312, 'wc_autoship_pay...')
#2 /home/lidorsoikher012/ogi/wp-content/plugins/woocommerce/includes/class-wc-ajax.php(419): WC_Checkout->process_checkout()
#3 /home/lidorsoikher012/ogi/wp-includes/class-wp-hook.php(298): WC_AJAX::checkout('')
#4 /home/lidorsoikher012/ogi/wp-includes/class-wp-hook.php(323): WP_Hook->apply_filters('', Array)
#5 /home/lidorsoikher012/ogi/wp-includes/plugin.php(453): WP_Hook->do_action(Array)
#6 /home/lidorsoikher012/ogi/wp-content/plugins/woocommerce/includes/class-wc-ajax.php(78): do_act

2018-05-29T20:24:09+00:00 CRITICAL Uncaught Error: Call to undefined function wc_autoship_cart_has_autoship_items() in /home/lidorsoikher012/ogi/wp-content/plugins/woocommerce-autoship-paypal-payments/classes/wc-autoship-paypal-gateway.php:157
Stack trace:
#0 /home/lidorsoikher012/ogi/wp-content/plugins/woocommerce/includes/class-wc-checkout.php(804): WC_Autoship_Paypal_Gateway->process_payment(33336)
#1 /home/lidorsoikher012/ogi/wp-content/plugins/woocommerce/includes/class-wc-checkout.php(986): WC_Checkout->process_order_payment(33336, 'wc_autoship_pay...')
#2 /home/lidorsoikher012/ogi/wp-content/plugins/woocommerce/includes/class-wc-ajax.php(419): WC_Checkout->process_checkout()
#3 /home/lidorsoikher012/ogi/wp-includes/class-wp-hook.php(298): WC_AJAX::checkout('')
#4 /home/lidorsoikher012/ogi/wp-includes/class-wp-hook.php(323): WP_Hook->apply_filters('', Array)
#5 /home/lidorsoikher012/ogi/wp-includes/plugin.php(453): WP_Hook->do_action(Array)
#6 /home/lidorsoikher012/ogi/wp-content/plugins/woocommerce/includes/class-wc-ajax.php(78): do_act

2018-05-29T20:24:30+00:00 CRITICAL Uncaught Error: Call to undefined function wc_autoship_cart_has_autoship_items() in /home/lidorsoikher012/ogi/wp-content/plugins/woocommerce-autoship-paypal-payments/classes/wc-autoship-paypal-gateway.php:157
Stack trace:
#0 /home/lidorsoikher012/ogi/wp-content/plugins/woocommerce/includes/class-wc-checkout.php(804): WC_Autoship_Paypal_Gateway->process_payment(33336)
#1 /home/lidorsoikher012/ogi/wp-content/plugins/woocommerce/includes/class-wc-checkout.php(986): WC_Checkout->process_order_payment(33336, 'wc_autoship_pay...')
#2 /home/lidorsoikher012/ogi/wp-content/plugins/woocommerce/includes/class-wc-ajax.php(419): WC_Checkout->process_checkout()
#3 /home/lidorsoikher012/ogi/wp-includes/class-wp-hook.php(298): WC_AJAX::checkout('')
#4 /home/lidorsoikher012/ogi/wp-includes/class-wp-hook.php(323): WP_Hook->apply_filters('', Array)
#5 /home/lidorsoikher012/ogi/wp-includes/plugin.php(453): WP_Hook->do_action(Array)
#6 /home/lidorsoikher012/ogi/wp-content/plugins/woocommerce/includes/class-wc-ajax.php(78): do_act

2018-05-29T20:25:01+00:00 CRITICAL Uncaught Error: Call to undefined function wc_autoship_cart_has_autoship_items() in /home/lidorsoikher012/ogi/wp-content/plugins/woocommerce-autoship-paypal-payments/classes/wc-autoship-paypal-gateway.php:157
Stack trace:
#0 /home/lidorsoikher012/ogi/wp-content/plugins/woocommerce/includes/class-wc-checkout.php(804): WC_Autoship_Paypal_Gateway->process_payment(33336)
#1 /home/lidorsoikher012/ogi/wp-content/plugins/woocommerce/includes/class-wc-checkout.php(986): WC_Checkout->process_order_payment(33336, 'wc_autoship_pay...')
#2 /home/lidorsoikher012/ogi/wp-content/plugins/woocommerce/includes/class-wc-ajax.php(419): WC_Checkout->process_checkout()
#3 /home/lidorsoikher012/ogi/wp-includes/class-wp-hook.php(298): WC_AJAX::checkout('')
#4 /home/lidorsoikher012/ogi/wp-includes/class-wp-hook.php(323): WP_Hook->apply_filters('', Array)
#5 /home/lidorsoikher012/ogi/wp-includes/plugin.php(453): WP_Hook->do_action(Array)
#6 /home/lidorsoikher012/ogi/wp-content/plugins/woocommerce/includes/class-wc-ajax.php(78): do_act

2018-05-29T20:25:14+00:00 CRITICAL Uncaught Error: Call to undefined function wc_autoship_cart_has_autoship_items() in /home/lidorsoikher012/ogi/wp-content/plugins/woocommerce-autoship-paypal-payments/classes/wc-autoship-paypal-gateway.php:157
Stack trace:
#0 /home/lidorsoikher012/ogi/wp-content/plugins/woocommerce/includes/class-wc-checkout.php(804): WC_Autoship_Paypal_Gateway->process_payment(33336)
#1 /home/lidorsoikher012/ogi/wp-content/plugins/woocommerce/includes/class-wc-checkout.php(986): WC_Checkout->process_order_payment(33336, 'wc_autoship_pay...')
#2 /home/lidorsoikher012/ogi/wp-content/plugins/woocommerce/includes/class-wc-ajax.php(419): WC_Checkout->process_checkout()
#3 /home/lidorsoikher012/ogi/wp-includes/class-wp-hook.php(298): WC_AJAX::checkout('')
#4 /home/lidorsoikher012/ogi/wp-includes/class-wp-hook.php(323): WP_Hook->apply_filters('', Array)
#5 /home/lidorsoikher012/ogi/wp-includes/plugin.php(453): WP_Hook->do_action(Array)
#6 /home/lidorsoikher012/ogi/wp-content/plugins/woocommerce/includes/class-wc-ajax.php(78): do_act

2018-05-29T20:25:34+00:00 CRITICAL Uncaught Error: Call to undefined function wc_autoship_cart_has_autoship_items() in /home/lidorsoikher012/ogi/wp-content/plugins/woocommerce-autoship-paypal-payments/classes/wc-autoship-paypal-gateway.php:157
Stack trace:
#0 /home/lidorsoikher012/ogi/wp-content/plugins/woocommerce/includes/class-wc-checkout.php(804): WC_Autoship_Paypal_Gateway->process_payment(33336)
#1 /home/lidorsoikher012/ogi/wp-content/plugins/woocommerce/includes/class-wc-checkout.php(986): WC_Checkout->process_order_payment(33336, 'wc_autoship_pay...')
#2 /home/lidorsoikher012/ogi/wp-content/plugins/woocommerce/includes/class-wc-ajax.php(419): WC_Checkout->process_checkout()
#3 /home/lidorsoikher012/ogi/wp-includes/class-wp-hook.php(298): WC_AJAX::checkout('')
#4 /home/lidorsoikher012/ogi/wp-includes/class-wp-hook.php(323): WP_Hook->apply_filters('', Array)
#5 /home/lidorsoikher012/ogi/wp-includes/plugin.php(453): WP_Hook->do_action(Array)
#6 /home/lidorsoikher012/ogi/wp-content/plugins/woocommerce/includes/class-wc-ajax.php(78): do_act

2018-05-29T20:25:42+00:00 CRITICAL Uncaught Error: Call to undefined function wc_autoship_cart_has_autoship_items() in /home/lidorsoikher012/ogi/wp-content/plugins/woocommerce-autoship-paypal-payments/classes/wc-autoship-paypal-gateway.php:157
Stack trace:
#0 /home/lidorsoikher012/ogi/wp-content/plugins/woocommerce/includes/class-wc-checkout.php(804): WC_Autoship_Paypal_Gateway->process_payment(33336)
#1 /home/lidorsoikher012/ogi/wp-content/plugins/woocommerce/includes/class-wc-checkout.php(986): WC_Checkout->process_order_payment(33336, 'wc_autoship_pay...')
#2 /home/lidorsoikher012/ogi/wp-content/plugins/woocommerce/includes/class-wc-ajax.php(419): WC_Checkout->process_checkout()
#3 /home/lidorsoikher012/ogi/wp-includes/class-wp-hook.php(298): WC_AJAX::checkout('')
#4 /home/lidorsoikher012/ogi/wp-includes/class-wp-hook.php(323): WP_Hook->apply_filters('', Array)
#5 /home/lidorsoikher012/ogi/wp-includes/plugin.php(453): WP_Hook->do_action(Array)
#6 /home/lidorsoikher012/ogi/wp-content/plugins/woocommerce/includes/class-wc-ajax.php(78): do_act

2018-05-29T20:27:41+00:00 CRITICAL Uncaught Error: Call to undefined function wc_autoship_cart_has_autoship_items() in /home/lidorsoikher012/ogi/wp-content/plugins/woocommerce-autoship-paypal-payments/classes/wc-autoship-paypal-gateway.php:157
Stack trace:
#0 /home/lidorsoikher012/ogi/wp-content/plugins/woocommerce/includes/class-wc-checkout.php(804): WC_Autoship_Paypal_Gateway->process_payment(33337)
#1 /home/lidorsoikher012/ogi/wp-content/plugins/woocommerce/includes/class-wc-checkout.php(986): WC_Checkout->process_order_payment(33337, 'wc_autoship_pay...')
#2 /home/lidorsoikher012/ogi/wp-content/plugins/woocommerce/includes/class-wc-ajax.php(419): WC_Checkout->process_checkout()
#3 /home/lidorsoikher012/ogi/wp-includes/class-wp-hook.php(298): WC_AJAX::checkout('')
#4 /home/lidorsoikher012/ogi/wp-includes/class-wp-hook.php(323): WP_Hook->apply_filters('', Array)
#5 /home/lidorsoikher012/ogi/wp-includes/plugin.php(453): WP_Hook->do_action(Array)
#6 /home/lidorsoikher012/ogi/wp-content/plugins/woocommerce/includes/class-wc-ajax.php(78): do_act

2018-06-07T04:26:13+00:00 CRITICAL Uncaught Error: Call to undefined function wc_autoship_cart_has_autoship_items() in /home/lidorsoikher012/ogi/wp-content/plugins/woocommerce-autoship-paypal-payments/classes/wc-autoship-paypal-gateway.php:157
Stack trace:
#0 /home/lidorsoikher012/ogi/wp-content/plugins/woocommerce/includes/class-wc-checkout.php(804): WC_Autoship_Paypal_Gateway->process_payment(33372)
#1 /home/lidorsoikher012/ogi/wp-content/plugins/woocommerce/includes/class-wc-checkout.php(986): WC_Checkout->process_order_payment(33372, 'wc_autoship_pay...')
#2 /home/lidorsoikher012/ogi/wp-content/plugins/woocommerce/includes/class-wc-ajax.php(419): WC_Checkout->process_checkout()
#3 /home/lidorsoikher012/ogi/wp-includes/class-wp-hook.php(298): WC_AJAX::checkout('')
#4 /home/lidorsoikher012/ogi/wp-includes/class-wp-hook.php(323): WP_Hook->apply_filters('', Array)
#5 /home/lidorsoikher012/ogi/wp-includes/plugin.php(453): WP_Hook->do_action(Array)
#6 /home/lidorsoikher012/ogi/wp-content/plugins/woocommerce/includes/class-wc-ajax.php(78): do_act

2018-06-13T15:43:57+00:00 CRITICAL Uncaught Error: Call to undefined function wc_autoship_cart_has_autoship_items() in /home/lidorsoikher012/ogi/wp-content/plugins/woocommerce-autoship-paypal-payments/classes/wc-autoship-paypal-gateway.php:157
Stack trace:
#0 /home/lidorsoikher012/ogi/wp-content/plugins/woocommerce/includes/class-wc-checkout.php(804): WC_Autoship_Paypal_Gateway->process_payment(33375)
#1 /home/lidorsoikher012/ogi/wp-content/plugins/woocommerce/includes/class-wc-checkout.php(986): WC_Checkout->process_order_payment(33375, 'wc_autoship_pay...')
#2 /home/lidorsoikher012/ogi/wp-content/plugins/woocommerce/includes/class-wc-ajax.php(419): WC_Checkout->process_checkout()
#3 /home/lidorsoikher012/ogi/wp-includes/class-wp-hook.php(298): WC_AJAX::checkout('')
#4 /home/lidorsoikher012/ogi/wp-includes/class-wp-hook.php(323): WP_Hook->apply_filters('', Array)
#5 /home/lidorsoikher012/ogi/wp-includes/plugin.php(453): WP_Hook->do_action(Array)
#6 /home/lidorsoikher012/ogi/wp-content/plugins/woocommerce/includes/class-wc-ajax.php(78): do_act

2018-06-13T15:44:20+00:00 CRITICAL Uncaught Error: Call to undefined function wc_autoship_cart_has_autoship_items() in /home/lidorsoikher012/ogi/wp-content/plugins/woocommerce-autoship-paypal-payments/classes/wc-autoship-paypal-gateway.php:157
Stack trace:
#0 /home/lidorsoikher012/ogi/wp-content/plugins/woocommerce/includes/class-wc-checkout.php(804): WC_Autoship_Paypal_Gateway->process_payment(33375)
#1 /home/lidorsoikher012/ogi/wp-content/plugins/woocommerce/includes/class-wc-checkout.php(986): WC_Checkout->process_order_payment(33375, 'wc_autoship_pay...')
#2 /home/lidorsoikher012/ogi/wp-content/plugins/woocommerce/includes/class-wc-ajax.php(419): WC_Checkout->process_checkout()
#3 /home/lidorsoikher012/ogi/wp-includes/class-wp-hook.php(298): WC_AJAX::checkout('')
#4 /home/lidorsoikher012/ogi/wp-includes/class-wp-hook.php(323): WP_Hook->apply_filters('', Array)
#5 /home/lidorsoikher012/ogi/wp-includes/plugin.php(453): WP_Hook->do_action(Array)
#6 /home/lidorsoikher012/ogi/wp-content/plugins/woocommerce/includes/class-wc-ajax.php(78): do_act

2018-06-13T15:44:40+00:00 CRITICAL Uncaught Error: Call to undefined function wc_autoship_cart_has_autoship_items() in /home/lidorsoikher012/ogi/wp-content/plugins/woocommerce-autoship-paypal-payments/classes/wc-autoship-paypal-gateway.php:157
Stack trace:
#0 /home/lidorsoikher012/ogi/wp-content/plugins/woocommerce/includes/class-wc-checkout.php(804): WC_Autoship_Paypal_Gateway->process_payment(33375)
#1 /home/lidorsoikher012/ogi/wp-content/plugins/woocommerce/includes/class-wc-checkout.php(986): WC_Checkout->process_order_payment(33375, 'wc_autoship_pay...')
#2 /home/lidorsoikher012/ogi/wp-content/plugins/woocommerce/includes/class-wc-ajax.php(419): WC_Checkout->process_checkout()
#3 /home/lidorsoikher012/ogi/wp-includes/class-wp-hook.php(298): WC_AJAX::checkout('')
#4 /home/lidorsoikher012/ogi/wp-includes/class-wp-hook.php(323): WP_Hook->apply_filters('', Array)
#5 /home/lidorsoikher012/ogi/wp-includes/plugin.php(453): WP_Hook->do_action(Array)
#6 /home/lidorsoikher012/ogi/wp-content/plugins/woocommerce/includes/class-wc-ajax.php(78): do_act

2018-06-25T23:36:53+00:00 CRITICAL Uncaught Error: Call to undefined function wc_autoship_cart_has_autoship_items() in /home/lidorsoikher012/ogi/wp-content/plugins/woocommerce-autoship-paypal-payments/classes/wc-autoship-paypal-gateway.php:157
Stack trace:
#0 /home/lidorsoikher012/ogi/wp-content/plugins/woocommerce/includes/class-wc-checkout.php(804): WC_Autoship_Paypal_Gateway->process_payment(33486)
#1 /home/lidorsoikher012/ogi/wp-content/plugins/woocommerce/includes/class-wc-checkout.php(986): WC_Checkout->process_order_payment(33486, 'wc_autoship_pay...')
#2 /home/lidorsoikher012/ogi/wp-content/plugins/woocommerce/includes/class-wc-ajax.php(419): WC_Checkout->process_checkout()
#3 /home/lidorsoikher012/ogi/wp-includes/class-wp-hook.php(298): WC_AJAX::checkout('')
#4 /home/lidorsoikher012/ogi/wp-includes/class-wp-hook.php(323): WP_Hook->apply_filters('', Array)
#5 /home/lidorsoikher012/ogi/wp-includes/plugin.php(453): WP_Hook->do_action(Array)
#6 /home/lidorsoikher012/ogi/wp-content/plugins/woocommerce/includes/class-wc-ajax.php(78): do_act

2018-06-25T23:37:21+00:00 CRITICAL Uncaught Error: Call to undefined function wc_autoship_cart_has_autoship_items() in /home/lidorsoikher012/ogi/wp-content/plugins/woocommerce-autoship-paypal-payments/classes/wc-autoship-paypal-gateway.php:157
Stack trace:
#0 /home/lidorsoikher012/ogi/wp-content/plugins/woocommerce/includes/class-wc-checkout.php(804): WC_Autoship_Paypal_Gateway->process_payment(33486)
#1 /home/lidorsoikher012/ogi/wp-content/plugins/woocommerce/includes/class-wc-checkout.php(986): WC_Checkout->process_order_payment(33486, 'wc_autoship_pay...')
#2 /home/lidorsoikher012/ogi/wp-content/plugins/woocommerce/includes/class-wc-ajax.php(419): WC_Checkout->process_checkout()
#3 /home/lidorsoikher012/ogi/wp-includes/class-wp-hook.php(298): WC_AJAX::checkout('')
#4 /home/lidorsoikher012/ogi/wp-includes/class-wp-hook.php(323): WP_Hook->apply_filters('', Array)
#5 /home/lidorsoikher012/ogi/wp-includes/plugin.php(453): WP_Hook->do_action(Array)
#6 /home/lidorsoikher012/ogi/wp-content/plugins/woocommerce/includes/class-wc-ajax.php(78): do_act

2018-06-27T20:44:11+00:00 CRITICAL Uncaught Error: Call to undefined function wc_autoship_cart_has_autoship_items() in /home/lidorsoikher012/ogi/wp-content/plugins/woocommerce-autoship-paypal-payments/classes/wc-autoship-paypal-gateway.php:157
Stack trace:
#0 /home/lidorsoikher012/ogi/wp-content/plugins/woocommerce/includes/class-wc-checkout.php(804): WC_Autoship_Paypal_Gateway->process_payment(33488)
#1 /home/lidorsoikher012/ogi/wp-content/plugins/woocommerce/includes/class-wc-checkout.php(986): WC_Checkout->process_order_payment(33488, 'wc_autoship_pay...')
#2 /home/lidorsoikher012/ogi/wp-content/plugins/woocommerce/includes/class-wc-ajax.php(419): WC_Checkout->process_checkout()
#3 /home/lidorsoikher012/ogi/wp-includes/class-wp-hook.php(298): WC_AJAX::checkout('')
#4 /home/lidorsoikher012/ogi/wp-includes/class-wp-hook.php(323): WP_Hook->apply_filters('', Array)
#5 /home/lidorsoikher012/ogi/wp-includes/plugin.php(453): WP_Hook->do_action(Array)
#6 /home/lidorsoikher012/ogi/wp-content/plugins/woocommerce/includes/class-wc-ajax.php(78): do_act

2018-06-27T20:44:27+00:00 CRITICAL Uncaught Error: Call to undefined function wc_autoship_cart_has_autoship_items() in /home/lidorsoikher012/ogi/wp-content/plugins/woocommerce-autoship-paypal-payments/classes/wc-autoship-paypal-gateway.php:157
Stack trace:
#0 /home/lidorsoikher012/ogi/wp-content/plugins/woocommerce/includes/class-wc-checkout.php(804): WC_Autoship_Paypal_Gateway->process_payment(33488)
#1 /home/lidorsoikher012/ogi/wp-content/plugins/woocommerce/includes/class-wc-checkout.php(986): WC_Checkout->process_order_payment(33488, 'wc_autoship_pay...')
#2 /home/lidorsoikher012/ogi/wp-content/plugins/woocommerce/includes/class-wc-ajax.php(419): WC_Checkout->process_checkout()
#3 /home/lidorsoikher012/ogi/wp-includes/class-wp-hook.php(298): WC_AJAX::checkout('')
#4 /home/lidorsoikher012/ogi/wp-includes/class-wp-hook.php(323): WP_Hook->apply_filters('', Array)
#5 /home/lidorsoikher012/ogi/wp-includes/plugin.php(453): WP_Hook->do_action(Array)
#6 /home/lidorsoikher012/ogi/wp-content/plugins/woocommerce/includes/class-wc-ajax.php(78): do_act

