02-02-2017 @ 17:13:53 - Queuing 2.5.0 - wc_update_250_currency
02-02-2017 @ 17:13:53 - Queuing 2.5.0 - wc_update_250_db_version
02-02-2017 @ 17:13:53 - Queuing 2.6.0 - wc_update_260_options
02-02-2017 @ 17:13:53 - Queuing 2.6.0 - wc_update_260_termmeta
02-02-2017 @ 17:13:53 - Queuing 2.6.0 - wc_update_260_zones
02-02-2017 @ 17:13:53 - Queuing 2.6.0 - wc_update_260_zone_methods
02-02-2017 @ 17:13:53 - Queuing 2.6.0 - wc_update_260_refunds
02-02-2017 @ 17:13:53 - Queuing 2.6.0 - wc_update_260_db_version
02-02-2017 @ 17:13:53 - Running wc_update_250_currency callback
02-02-2017 @ 17:13:53 - Finished wc_update_250_currency callback
02-02-2017 @ 17:13:53 - Running wc_update_250_db_version callback
02-02-2017 @ 17:13:53 - Finished wc_update_250_db_version callback
02-02-2017 @ 17:13:53 - Running wc_update_260_options callback
02-02-2017 @ 17:13:53 - Finished wc_update_260_options callback
02-02-2017 @ 17:13:53 - Running wc_update_260_termmeta callback
02-02-2017 @ 17:13:53 - Finished wc_update_260_termmeta callback
02-02-2017 @ 17:13:53 - Running wc_update_260_zones callback
02-02-2017 @ 17:13:53 - Finished wc_update_260_zones callback
02-02-2017 @ 17:13:53 - Running wc_update_260_zone_methods callback
02-02-2017 @ 17:13:53 - Finished wc_update_260_zone_methods callback
02-02-2017 @ 17:13:53 - Running wc_update_260_refunds callback
02-02-2017 @ 17:13:53 - Finished wc_update_260_refunds callback
02-02-2017 @ 17:13:53 - Running wc_update_260_db_version callback
02-02-2017 @ 17:13:53 - Finished wc_update_260_db_version callback
02-02-2017 @ 17:13:53 - Data update complete
2017-04-21T19:47:48+00:00 INFO Queuing 3.0.0 - wc_update_300_webhooks
2017-04-21T19:47:48+00:00 INFO Queuing 3.0.0 - wc_update_300_grouped_products
2017-04-21T19:47:48+00:00 INFO Queuing 3.0.0 - wc_update_300_settings
2017-04-21T19:47:48+00:00 INFO Queuing 3.0.0 - wc_update_300_product_visibility
2017-04-21T19:47:48+00:00 INFO Queuing 3.0.0 - wc_update_300_db_version
2017-04-21T19:47:48+00:00 INFO Running wc_update_300_webhooks callback
2017-04-21T19:47:48+00:00 INFO Finished wc_update_300_webhooks callback
2017-04-21T19:47:48+00:00 INFO Running wc_update_300_grouped_products callback
2017-04-21T19:47:48+00:00 INFO Finished wc_update_300_grouped_products callback
2017-04-21T19:47:48+00:00 INFO Running wc_update_300_settings callback
2017-04-21T19:47:48+00:00 INFO Finished wc_update_300_settings callback
2017-04-21T19:47:48+00:00 INFO Running wc_update_300_product_visibility callback
2017-04-21T19:47:48+00:00 INFO Finished wc_update_300_product_visibility callback
2017-04-21T19:47:48+00:00 INFO Running wc_update_300_db_version callback
2017-04-21T19:47:48+00:00 INFO Finished wc_update_300_db_version callback
2017-04-21T19:47:48+00:00 INFO Data update complete
